Start testing: Nov 27 03:27 CET
----------------------------------------------------------
9/9 Testing: testcolor
9/9 Test: testcolor
Command: "/home/nguyenphuong/Desktop/Pratiques_et_outils_de_programmation/Projet/JPEG_Project/build/tests/testcolor"
Directory: /home/nguyenphuong/Desktop/Pratiques_et_outils_de_programmation/Projet/JPEG_Project/build/tests
"testcolor" start time: Nov 27 03:27 CET
Output:
----------------------------------------------------------
PSNR too low: 10.6506 dB (MSE=5597.82)
<end of output>
Test time =   0.01 sec
----------------------------------------------------------
Test Failed.
"testcolor" end time: Nov 27 03:27 CET
"testcolor" time elapsed: 00:00:00
----------------------------------------------------------

End testing: Nov 27 03:27 CET
