Start testing: Nov 27 02:29 CET
----------------------------------------------------------
1/8 Testing: testdct
1/8 Test: testdct
Command: "/home/nguyenphuong/Desktop/Pratiques_et_outils_de_programmation/Projet/JPEG_Project/build/tests/testdct"
Directory: /home/nguyenphuong/Desktop/Pratiques_et_outils_de_programmation/Projet/JPEG_Project/build/tests
"testdct" start time: Nov 27 02:29 CET
Output:
----------------------------------------------------------
Original block:
139	144	149	153	155	155	155	155	
144	151	153	156	159	156	156	156	
150	155	160	163	158	156	156	156	
159	161	162	160	160	159	159	159	
159	160	161	162	162	155	155	155	
161	161	161	161	160	157	157	157	
162	162	161	163	162	157	157	157	
162	162	161	161	163	158	158	158	
Level-shifted block (p):
11	16	21	25	27	27	27	27	
16	23	25	28	31	28	28	28	
22	27	32	35	30	28	28	28	
31	33	34	32	32	31	31	31	
31	32	33	34	34	27	27	27	
33	33	33	33	32	29	29	29	
34	34	33	35	34	29	29	29	
34	34	33	33	35	30	30	30	
DCT Block:
235.62500	-1.03333	-12.08090	-5.20290	2.12500	-1.67243	-2.70797	1.32384	
-22.59044	-17.48418	-6.24048	-3.15738	-2.85567	-0.06946	0.43417	-1.18558	
-10.94926	-9.26240	-1.57583	1.53009	0.20295	-0.94186	-0.56694	-0.06292	
-7.08156	-1.90718	0.22479	1.45389	0.89625	-0.07987	-0.04229	0.33154	
-0.62500	-0.83811	1.46988	1.55628	-0.12500	-0.66099	0.60885	1.27521	
1.75408	-0.20286	1.62049	-0.34244	-0.77554	1.47594	1.04100	-0.99296	
-1.28252	-0.35995	-0.31694	-1.46010	-0.48996	1.73484	1.07583	-0.76135	
-2.59990	1.55185	-3.76278	-1.84476	1.87162	1.21395	-0.56788	-0.44564	
Reconstructed block:
139	144	149	153	155	155	155	155	
144	151	153	156	159	156	156	156	
150	155	160	163	158	156	156	156	
159	161	162	160	160	159	159	159	
159	160	161	162	162	155	155	155	
161	161	161	161	160	157	157	157	
162	162	161	163	162	157	157	157	
162	162	161	161	163	158	158	158	
test_dct: PASS
<end of output>
Test time =   0.00 sec
----------------------------------------------------------
Test Passed.
"testdct" end time: Nov 27 02:29 CET
"testdct" time elapsed: 00:00:00
----------------------------------------------------------

2/8 Testing: testquant
2/8 Test: testquant
Command: "/home/nguyenphuong/Desktop/Pratiques_et_outils_de_programmation/Projet/JPEG_Project/build/tests/testquant"
Directory: /home/nguyenphuong/Desktop/Pratiques_et_outils_de_programmation/Projet/JPEG_Project/build/tests
"testquant" start time: Nov 27 02:29 CET
Output:
----------------------------------------------------------
Original block:
139	144	149	153	155	155	155	155	
144	151	153	156	159	156	156	156	
150	155	160	163	158	156	156	156	
159	161	162	160	160	159	159	159	
159	160	161	162	162	155	155	155	
161	161	161	161	160	157	157	157	
162	162	161	163	162	157	157	157	
162	162	161	161	163	158	158	158	
Level-shifted block (p):
11	16	21	25	27	27	27	27	
16	23	25	28	31	28	28	28	
22	27	32	35	30	28	28	28	
31	33	34	32	32	31	31	31	
31	32	33	34	34	27	27	27	
33	33	33	33	32	29	29	29	
34	34	33	35	34	29	29	29	
34	34	33	33	35	30	30	30	
DCT coefficients:
235.62	-1.03	-12.08	-5.20	2.13	-1.67	-2.71	1.32	
-22.59	-17.48	-6.24	-3.16	-2.86	-0.07	0.43	-1.19	
-10.95	-9.26	-1.58	1.53	0.20	-0.94	-0.57	-0.06	
-7.08	-1.91	0.22	1.45	0.90	-0.08	-0.04	0.33	
-0.62	-0.84	1.47	1.56	-0.13	-0.66	0.61	1.28	
1.75	-0.20	1.62	-0.34	-0.78	1.48	1.04	-0.99	
-1.28	-0.36	-0.32	-1.46	-0.49	1.73	1.08	-0.76	
-2.60	1.55	-3.76	-1.84	1.87	1.21	-0.57	-0.45	
Quantized coefficients:
15	0	-1	0	0	0	0	0	
-2	-1	0	0	0	0	0	0	
-1	-1	0	0	0	0	0	0	
-1	0	0	0	0	0	0	0	
0	0	0	0	0	0	0	0	
0	0	0	0	0	0	0	0	
0	0	0	0	0	0	0	0	
0	0	0	0	0	0	0	0	
Dequantized DCT coefficients (P'):
240	0	-10	0	0	0	0	0	
-24	-12	0	0	0	0	0	0	
-14	-13	0	0	0	0	0	0	
-14	0	0	0	0	0	0	0	
0	0	0	0	0	0	0	0	
0	0	0	0	0	0	0	0	
0	0	0	0	0	0	0	0	
0	0	0	0	0	0	0	0	
Reconstructed block after dequant+IDCT:
142	144	147	150	152	153	154	154	
149	150	153	155	156	157	156	156	
157	158	159	161	161	160	159	158	
162	162	163	163	162	160	158	157	
162	162	162	162	161	158	156	155	
160	161	161	161	160	158	156	154	
160	160	161	162	161	160	158	157	
160	161	163	164	164	163	161	160	
MSE between original and reconstructed: 4.98
Compression rate (fraction of zeros): 0.89
Quantization table (quality=50):
16	11	10	16	24	40	51	61	
12	12	14	19	26	58	60	55	
14	13	16	24	40	57	69	56	
14	17	22	29	51	87	80	62	
18	22	37	56	68	109	103	77	
24	35	55	64	81	104	113	92	
49	64	78	87	103	121	120	101	
72	92	95	98	112	100	103	99	
Quantized coefficients Img_Quant:
15	0	-1	0	0	0	0	0	
-2	-1	0	0	0	0	0	0	
-1	-1	0	0	0	0	0	0	
-1	0	0	0	0	0	0	0	
0	0	0	0	0	0	0	0	
0	0	0	0	0	0	0	0	
0	0	0	0	0	0	0	0	
0	0	0	0	0	0	0	0	
test_quantification: PASS
<end of output>
Test time =   0.00 sec
----------------------------------------------------------
Test Passed.
"testquant" end time: Nov 27 02:29 CET
"testquant" time elapsed: 00:00:00
----------------------------------------------------------

3/8 Testing: testrle
3/8 Test: testrle
Command: "/home/nguyenphuong/Desktop/Pratiques_et_outils_de_programmation/Projet/JPEG_Project/build/tests/testrle"
Directory: /home/nguyenphuong/Desktop/Pratiques_et_outils_de_programmation/Projet/JPEG_Project/build/tests
"testrle" start time: Nov 27 02:29 CET
Output:
----------------------------------------------------------
RLE trame length: 15
Trame bytes (as signed ints):
15, 1, -2, 0, -1, 0, -1, 0, -1, 2, -1, 0, -1, 0, 0
test_rle: DONE
<end of output>
Test time =   0.00 sec
----------------------------------------------------------
Test Passed.
"testrle" end time: Nov 27 02:29 CET
"testrle" time elapsed: 00:00:00
----------------------------------------------------------

4/8 Testing: testhuffman
4/8 Test: testhuffman
Command: "/home/nguyenphuong/Desktop/Pratiques_et_outils_de_programmation/Projet/JPEG_Project/build/tests/testhuffman"
Directory: /home/nguyenphuong/Desktop/Pratiques_et_outils_de_programmation/Projet/JPEG_Project/build/tests
"testhuffman" start time: Nov 27 02:29 CET
Output:
----------------------------------------------------------
Test Huffman
Symbols and frequencies:
  'A' : 5
  'B' : 9
  'C' : 12
  'D' : 13
  'E' : 16
  'F' : 45

Building Huffman tree and printing codes:

'F' : 0
'C' : 100
'D' : 101
'A' : 1100
'B' : 1101
'E' : 111

Done.
<end of output>
Test time =   0.00 sec
----------------------------------------------------------
Test Passed.
"testhuffman" end time: Nov 27 02:29 CET
"testhuffman" time elapsed: 00:00:00
----------------------------------------------------------

5/8 Testing: testcompression
5/8 Test: testcompression
Command: "/home/nguyenphuong/Desktop/Pratiques_et_outils_de_programmation/Projet/JPEG_Project/build/tests/testcompression"
Directory: /home/nguyenphuong/Desktop/Pratiques_et_outils_de_programmation/Projet/JPEG_Project/build/tests
"testcompression" start time: Nov 27 02:29 CET
Output:
----------------------------------------------------------
Loaded image 128x128 (16384 pixels)
RLE trame length (bytes): 7094
Huffman-compressed file size: 2896 bytes
Compression ratio (RLE bytes / Huffman bytes): 2.44959
test_compression: DONE
<end of output>
Test time =   0.04 sec
----------------------------------------------------------
Test Passed.
"testcompression" end time: Nov 27 02:29 CET
"testcompression" time elapsed: 00:00:00
----------------------------------------------------------

6/8 Testing: testdecompression
6/8 Test: testdecompression
Command: "/home/nguyenphuong/Desktop/Pratiques_et_outils_de_programmation/Projet/JPEG_Project/build/tests/testdecompression"
Directory: /home/nguyenphuong/Desktop/Pratiques_et_outils_de_programmation/Projet/JPEG_Project/build/tests
"testdecompression" start time: Nov 27 02:29 CET
Output:
----------------------------------------------------------
Loaded image 128x128 (16384 pixels)
RLE length = 7094 bytes
Decompression OK in same program.
<end of output>
Test time =   0.08 sec
----------------------------------------------------------
Test Passed.
"testdecompression" end time: Nov 27 02:29 CET
"testdecompression" time elapsed: 00:00:00
----------------------------------------------------------

7/8 Testing: testpgm
7/8 Test: testpgm
Command: "/home/nguyenphuong/Desktop/Pratiques_et_outils_de_programmation/Projet/JPEG_Project/build/tests/testpgm"
Directory: /home/nguyenphuong/Desktop/Pratiques_et_outils_de_programmation/Projet/JPEG_Project/build/tests
"testpgm" start time: Nov 27 02:29 CET
Output:
----------------------------------------------------------
Wrote lena.pgm (128x128)
<end of output>
Test time =   0.00 sec
----------------------------------------------------------
Test Passed.
"testpgm" end time: Nov 27 02:29 CET
"testpgm" time elapsed: 00:00:00
----------------------------------------------------------

8/8 Testing: testtotal
8/8 Test: testtotal
Command: "/home/nguyenphuong/Desktop/Pratiques_et_outils_de_programmation/Projet/JPEG_Project/build/tests/testtotal"
Directory: /home/nguyenphuong/Desktop/Pratiques_et_outils_de_programmation/Projet/JPEG_Project/build/tests
"testtotal" start time: Nov 27 02:29 CET
Output:
----------------------------------------------------------
Loaded image 128x128 (16384 pixels)
Level-shifted block (top-left 8x8):
   49    32   -17   -38   -29   -27   -26   -20 
   49    13   -17   -31   -26   -26   -25   -21 
   39     2   -18   -31   -33   -31   -27   -26 
   26    -7   -16   -29   -37   -34   -29   -29 
   17   -14   -13   -24   -36   -32   -28   -22 
    8     1    -9   -21   -28   -29   -24   -23 
   17     1    -5   -20   -24   -25   -23   -26 
   17     1    -4   -22   -26   -21   -24   -23 
DCT coefficients:
  -115.50    119.14     89.48     28.35      9.75      7.45      8.94      5.66 
     7.49     23.86     34.73     21.06      7.39     -7.52     -5.46     -1.43 
    25.19     11.85      8.16      8.35     -7.01    -14.69     -5.37     -1.10 
     3.39     -1.91     -0.69     -6.31     -4.07     -7.47     -5.83     -2.16 
    -5.75     -0.16      3.47     -2.02     -1.50     -0.01      3.16     -1.42 
    -1.53      5.37      0.51      0.62     -3.93     -1.95     -3.85      0.43 
    -1.24     -0.28      1.13     -2.51     -3.86     -4.06     -3.16     -1.90 
    -0.65     -0.33      1.82      0.67      2.24      2.35      2.57      0.41 
Quantized coefficients:
   -7    11     9     2     0     0     0     0 
    1     2     2     1     0     0     0     0 
    2     1     1     0     0     0     0     0 
    0     0     0     0     0     0     0     0 
    0     0     0     0     0     0     0     0 
    0     0     0     0     0     0     0     0 
    0     0     0     0     0     0     0     0 
    0     0     0     0     0     0     0     0 
Dequantized DCT coefficients:
  -112.00    121.00     90.00     32.00      0.00      0.00      0.00      0.00 
    12.00     24.00     28.00     19.00      0.00      0.00      0.00      0.00 
    28.00     13.00     16.00      0.00      0.00      0.00      0.00      0.00 
     0.00      0.00      0.00      0.00      0.00      0.00      0.00      0.00 
     0.00      0.00      0.00      0.00      0.00      0.00      0.00      0.00 
     0.00      0.00      0.00      0.00      0.00      0.00      0.00      0.00 
     0.00      0.00      0.00      0.00      0.00      0.00      0.00      0.00 
     0.00      0.00      0.00      0.00      0.00      0.00      0.00      0.00 
Zero fraction in quantized block: 0.83
Block MSE after quant+IDCT: 20.53
RLE length (bytes): 7094
Compressed file size: 2896 bytes
Compression ratio (RLE/Huffman): 2.45
Image MSE (original vs decoded): 56.42
PSNR: 30.62 dB
Wrote ../../tests/lena_total_original.pgm
Wrote ../../tests/lena_total_recon.pgm
Wrote ../../tests/lena_total_diff.pgm (differences x8)
test_total: DONE
<end of output>
Test time =   0.07 sec
----------------------------------------------------------
Test Passed.
"testtotal" end time: Nov 27 02:29 CET
"testtotal" time elapsed: 00:00:00
----------------------------------------------------------

End testing: Nov 27 02:29 CET
